<?xml version="1.0" encoding="UTF-8"?>
<!-- Generated by org.testng.reporters.JUnitXMLReporter -->
<testsuite hostname="LAPTOP-M6B8PAA6" name="Test" tests="4" failures="0" timestamp="8 Jun 2018 03:16:08 GMT" time="0.19" errors="0">
  <testcase name="@BeforeTest verify_launch" time="0.0" classname="pagelibrary.com.ranford.test_excute">
    <failure type="org.testng.TestNGException" message="
Parameter &amp;apos;browser&amp;apos; is required by @Configuration on method verify_launch but has not been marked @Optional or defined
in F:\workspaceproject\com.ranford\testng.xml">
      <![CDATA[org.testng.TestNGException: 
Parameter 'browser' is required by @Configuration on method verify_launch but has not been marked @Optional or defined
in F:\workspaceproject\com.ranford\testng.xml
... Removed 19 stack frames]]>
    </failure>
  </testcase> <!-- @BeforeTest verify_launch -->
  <testcase name="verify_employee" time="0.038" classname="pagelibrary.com.ranford.test_excute">
    <skipped/>
  </testcase> <!-- verify_employee -->
  <testcase name="verify_new_employee" time="0.018" classname="pagelibrary.com.ranford.test_excute">
    <skipped/>
  </testcase> <!-- verify_new_employee -->
  <testcase name="verify_login" time="0.008" classname="pagelibrary.com.ranford.test_excute">
    <skipped/>
  </testcase> <!-- verify_login -->
  <testcase name="verify_branches" time="0.003" classname="pagelibrary.com.ranford.test_excute">
    <skipped/>
  </testcase> <!-- verify_branches -->
</testsuite> <!-- Test -->
